2018-08-29 07:06:46 +0000  Initial pipeline context: <IDEDistributionProcessingPipelineContext: 0x7f8c0090a7d0; archive(resolved)='<IDEArchive: 0x7f8c19830b40>', distributionTask(resolved)='2', distributionMethod(resolved)='<IDEDistributionMethodiOSAppStoreExport: 0x7f8c152edd80>', team(resolved)='<IDEProvisioningBasicTeam: 0x7f8c00e27fb0; teamID='6RBVN2966L', teamName='Autonet B.V.'>'>
	Chain (11, self inclusive):
	<IDEDistributionProcessingPipelineContext: 0x7f8c0090a7d0; archive = '<IDEArchive: 0x7f8c19830b40>', distributionMethod='<IDEDistributionMethodiOSAppStoreExport: 0x7f8c152edd80>', team='<IDEProvisioningBasicTeam: 0x7f8c00e27fb0; teamID='6RBVN2966L', teamName='Autonet B.V.'>'>
	<IDEDistributionProcessingPipelineContext: 0x7f8c0090b170; archive = '<IDEArchive: 0x7f8c19830b40>', distributionMethod='<IDEDistributionMethodiOSAppStoreExport: 0x7f8c152edd80>', team='<IDEProvisioningBasicTeam: 0x7f8c00e27fb0; teamID='6RBVN2966L', teamName='Autonet B.V.'>'>
	<IDEDistributionContext: 0x7f8bffe0be30; archive = '<IDEArchive: 0x7f8c19830b40>', distributionMethod='<IDEDistributionMethodiOSAppStoreExport: 0x7f8c152edd80>', team='<IDEProvisioningBasicTeam: 0x7f8c00e27fb0; teamID='6RBVN2966L', teamName='Autonet B.V.'>'>
	<IDEDistributionContext: 0x7f8bfff50670; archive = '<IDEArchive: 0x7f8c19830b40>', distributionMethod='<IDEDistributionMethodiOSAppStoreExport: 0x7f8c152edd80>', team='<IDEProvisioningBasicTeam: 0x7f8c00e27fb0; teamID='6RBVN2966L', teamName='Autonet B.V.'>'>
	<IDEDistributionContext: 0x7f8c0090c6f0; archive = '<IDEArchive: 0x7f8c19830b40>', distributionMethod='<IDEDistributionMethodiOSAppStoreExport: 0x7f8c152edd80>', team='<IDEProvisioningBasicTeam: 0x7f8c00e27fb0; teamID='6RBVN2966L', teamName='Autonet B.V.'>'>
	<IDEDistributionContext: 0x7f8c009fa0a0; archive = '<IDEArchive: 0x7f8c19830b40>', distributionMethod='<IDEDistributionMethodiOSAppStoreExport: 0x7f8c152edd80>', team='<IDEProvisioningBasicTeam: 0x7f8c00e27fb0; teamID='6RBVN2966L', teamName='Autonet B.V.'>'>
	<IDEDistributionContext: 0x7f8c00bbcbe0; archive = '<IDEArchive: 0x7f8c19830b40>', distributionMethod='<IDEDistributionMethodiOSAppStoreExport: 0x7f8c152edd80>', team='<IDEProvisioningBasicTeam: 0x7f8c00e27fb0; teamID='6RBVN2966L', teamName='Autonet B.V.'>'>
	<IDEDistributionContext: 0x7f8c00dfbae0; archive = '<IDEArchive: 0x7f8c19830b40>', distributionMethod='<IDEDistributionMethodiOSAppStoreExport: 0x7f8c152edd80>', team='<IDEProvisioningBasicTeam: 0x7f8c00e27fb0; teamID='6RBVN2966L', teamName='Autonet B.V.'>'>
	<IDEDistributionContext: 0x7f8c00df38f0; archive = '<IDEArchive: 0x7f8c19830b40>', distributionMethod='<IDEDistributionMethodiOSAppStoreExport: 0x7f8c152edd80>', team='<IDEProvisioningBasicTeam: 0x7f8c00e27fb0; teamID='6RBVN2966L', teamName='Autonet B.V.'>'>
	<IDEDistributionContext: 0x7f8c00d23b10; archive = '<IDEArchive: 0x7f8c19830b40>', distributionMethod='<IDEDistributionMethodiOSAppStoreExport: 0x7f8c152edd80>', team='(null)'>
	<IDEDistributionContext: 0x7f8c00c1d810; archive = '<IDEArchive: 0x7f8c19830b40>', distributionMethod='(null)', team='(null)'>
</IDEDistributionProcessingPipelineContext: 0x7f8c0090a7d0>
2018-08-29 07:06:46 +0000  Processing step: IDEDistributionCreateDestRootStep
2018-08-29 07:06:46 +0000  Processing step: IDEDistributionCopyItemStep
2018-08-29 07:06:46 +0000  Running /usr/bin/ditto '-V' '/Users/jeffreysnijder02/Library/Developer/Xcode/Archives/2018-08-29/Autonet 29-08-18 09.06.xcarchive/Products/Applications/Autonet.app' '/var/folders/28/v2jyct8n7wl6hgn4mh3p6lw00000gp/T/XcodeDistPipeline.BvE/Root/Payload/Autonet.app'
2018-08-29 07:06:46 +0000  >>> Copying /Users/jeffreysnijder02/Library/Developer/Xcode/Archives/2018-08-29/Autonet 29-08-18 09.06.xcarchive/Products/Applications/Autonet.app 
2018-08-29 07:06:46 +0000  copying file ./info.png ... 
2018-08-29 07:06:46 +0000  1840 bytes for ./info.png
2018-08-29 07:06:46 +0000  copying file ./_CodeSignature/CodeResources ... 
2018-08-29 07:06:46 +0000  46401 bytes for ./_CodeSignature/CodeResources
2018-08-29 07:06:46 +0000  copying file ./7@2x.png ... 
2018-08-29 07:06:46 +0000  5268 bytes for ./7@2x.png
2018-08-29 07:06:46 +0000  copying file ./Lato-Italic.ttf ... 
2018-08-29 07:06:46 +0000  118352 bytes for ./Lato-Italic.ttf
copying file ./m24_more_vert_black.png ... 
2018-08-29 07:06:46 +0000  178 bytes for ./m24_more_vert_black.png
2018-08-29 07:06:46 +0000  copying file ./Roboto-Medium.ttf ... 
2018-08-29 07:06:46 +0000  162588 bytes for ./Roboto-Medium.ttf
2018-08-29 07:06:46 +0000  copying file ./Roboto-Light.ttf ... 
2018-08-29 07:06:46 +0000  162420 bytes for ./Roboto-Light.ttf
2018-08-29 07:06:46 +0000  copying file ./search@2x.png ... 
2018-08-29 07:06:46 +0000  2849 bytes for ./search@2x.png
copying file ./back@2x.png ... 
2018-08-29 07:06:46 +0000  839 bytes for ./back@2x.png
2018-08-29 07:06:46 +0000  copying file ./m24_dashboard_black@3x.png ... 
2018-08-29 07:06:46 +0000  361 bytes for ./m24_dashboard_black@3x.png
2018-08-29 07:06:46 +0000  copying file ./12@2x.png ... 
2018-08-29 07:06:46 +0000  3225 bytes for ./12@2x.png
2018-08-29 07:06:46 +0000  copying file ./EmptyPart.plist ... 
2018-08-29 07:06:46 +0000  933 bytes for ./EmptyPart.plist
2018-08-29 07:06:46 +0000  copying file ./note.png ... 
2018-08-29 07:06:46 +0000  2590 bytes for ./note.png
2018-08-29 07:06:46 +0000  copying file ./Lato-Bold.ttf ... 
2018-08-29 07:06:46 +0000  121788 bytes for ./Lato-Bold.ttf
copying file ./m24_format_list_bulleted_black.png ... 
2018-08-29 07:06:46 +0000  201 bytes for ./m24_format_list_bulleted_black.png
2018-08-29 07:06:46 +0000  copying file ./m24_dashboard_black@2x.png ... 
2018-08-29 07:06:46 +0000  227 bytes for ./m24_dashboard_black@2x.png
2018-08-29 07:06:46 +0000  copying file ./10@2x.png ... 
2018-08-29 07:06:46 +0000  5323 bytes for ./10@2x.png
2018-08-29 07:06:46 +0000  copying file ./RobotoCondensed-Bold.ttf ... 
2018-08-29 07:06:46 +0000  161748 bytes for ./RobotoCondensed-Bold.ttf
copying file ./02@2x.png ... 
2018-08-29 07:06:46 +0000  4689 bytes for ./02@2x.png
copying file ./m24_settings_applications_black.png ... 
2018-08-29 07:06:46 +0000  356 bytes for ./m24_settings_applications_black.png
2018-08-29 07:06:46 +0000  copying file ./9@2x.png ... 
2018-08-29 07:06:46 +0000  4692 bytes for ./9@2x.png
2018-08-29 07:06:46 +0000  copying file ./8.png ... 
2018-08-29 07:06:46 +0000  5499 bytes for ./8.png
2018-08-29 07:06:46 +0000  copying file ./RobotoCondensed-Light.ttf ... 
2018-08-29 07:06:46 +0000  160748 bytes for ./RobotoCondensed-Light.ttf
2018-08-29 07:06:46 +0000  copying file ./5@2x.png ... 
2018-08-29 07:06:46 +0000  4825 bytes for ./5@2x.png
copying file ./euro.png ... 
2018-08-29 07:06:46 +0000  4058 bytes for ./euro.png
2018-08-29 07:06:46 +0000  copying file ./BTW.plist ... 
2018-08-29 07:06:46 +0000  151 bytes for ./BTW.plist
2018-08-29 07:06:46 +0000  copying file ./gone.png ... 
2018-08-29 07:06:46 +0000  2078 bytes for ./gone.png
2018-08-29 07:06:46 +0000  copying file ./File ... 
2018-08-29 07:06:46 +0000  3597 bytes for ./File
2018-08-29 07:06:46 +0000  copying file ./Down@2x.png ... 
2018-08-29 07:06:46 +0000  3834 bytes for ./Down@2x.png
2018-08-29 07:06:46 +0000  copying file ./9.png ... 
2018-08-29 07:06:46 +0000  2290 bytes for ./9.png
2018-08-29 07:06:46 +0000  copying file ./Roboto-Regular.ttf ... 
2018-08-29 07:06:46 +0000  162876 bytes for ./Roboto-Regular.ttf
2018-08-29 07:06:46 +0000  copying file ./Up.png ... 
2018-08-29 07:06:46 +0000  1590 bytes for ./Up.png
2018-08-29 07:06:46 +0000  copying file ./m24_camera_alt_black.png ... 
2018-08-29 07:06:46 +0000  367 bytes for ./m24_camera_alt_black.png
2018-08-29 07:06:46 +0000  copying file ./m24_format_list_bulleted_black@3x.png ... 
2018-08-29 07:06:46 +0000  528 bytes for ./m24_format_list_bulleted_black@3x.png
2018-08-29 07:06:46 +0000  copying file ./UITextFieldClearButtonPressed.png ... 
2018-08-29 07:06:46 +0000  496 bytes for ./UITextFieldClearButtonPressed.png
2018-08-29 07:06:46 +0000  copying file ./14.png ... 
2018-08-29 07:06:46 +0000  2625 bytes for ./14.png
2018-08-29 07:06:46 +0000  copying file ./license_plate_nl.png ... 
2018-08-29 07:06:46 +0000  3384 bytes for ./license_plate_nl.png
2018-08-29 07:06:46 +0000  copying file ./14@2x.png ... 
2018-08-29 07:06:46 +0000  5197 bytes for ./14@2x.png
copying file ./Roboto-MediumItalic.ttf ... 
2018-08-29 07:06:46 +0000  165636 bytes for ./Roboto-MediumItalic.ttf
2018-08-29 07:06:46 +0000  copying file ./01.png ... 
2018-08-29 07:06:46 +0000  1917 bytes for ./01.png
2018-08-29 07:06:46 +0000  copying file ./15.png ... 
2018-08-29 07:06:46 +0000  1346 bytes for ./15.png
2018-08-29 07:06:46 +0000  copying file ./m24_call_black@2x.png ... 
2018-08-29 07:06:46 +0000  600 bytes for ./m24_call_black@2x.png
2018-08-29 07:06:46 +0000  copying file ./forward@2x.png ... 
2018-08-29 07:06:46 +0000  3443 bytes for ./forward@2x.png
2018-08-29 07:06:46 +0000  copying file ./17.png ... 
2018-08-29 07:06:46 +0000  1346 bytes for ./17.png
2018-08-29 07:06:46 +0000  copying file ./m24_settings_applications_black@3x.png ... 
2018-08-29 07:06:46 +0000  1083 bytes for ./m24_settings_applications_black@3x.png
2018-08-29 07:06:46 +0000  copying file ./RobotoCondensed-Italic.ttf ... 
2018-08-29 07:06:46 +0000  166136 bytes for ./RobotoCondensed-Italic.ttf
2018-08-29 07:06:46 +0000  copying file ./Down.png ... 
2018-08-29 07:06:46 +0000  1580 bytes for ./Down.png
2018-08-29 07:06:46 +0000  copying file ./m24_camera_alt_black@3x.png ... 
2018-08-29 07:06:46 +0000  1078 bytes for ./m24_camera_alt_black@3x.png
2018-08-29 07:06:46 +0000  copying file ./1@2x.png ... 
2018-08-29 07:06:46 +0000  4837 bytes for ./1@2x.png
2018-08-29 07:06:46 +0000  copying file ./Up@2x.png ... 
2018-08-29 07:06:46 +0000  3857 bytes for ./Up@2x.png
2018-08-29 07:06:46 +0000  copying file ./16.png ... 
2018-08-29 07:06:46 +0000  2643 bytes for ./16.png
2018-08-29 07:06:46 +0000  copying file ./02.png ... 
2018-08-29 07:06:46 +0000  2135 bytes for ./02.png
2018-08-29 07:06:46 +0000  copying file ./Autonet.momd/VersionInfo.plist ... 
2018-08-29 07:06:46 +0000  151 bytes for ./Autonet.momd/VersionInfo.plist
2018-08-29 07:06:46 +0000  copying file ./Autonet.momd/Autonet.mom ... 
2018-08-29 07:06:46 +0000  513 bytes for ./Autonet.momd/Autonet.mom
2018-08-29 07:06:46 +0000  copying file ./Autonet.momd/Autonet.omo ... 
2018-08-29 07:06:46 +0000  696 bytes for ./Autonet.momd/Autonet.omo
2018-08-29 07:06:46 +0000  copying file ./Lato-Regular.ttf ... 
2018-08-29 07:06:46 +0000  120196 bytes for ./Lato-Regular.ttf
2018-08-29 07:06:46 +0000  copying file ./RobotoCondensed-BoldItalic.ttf ... 
2018-08-29 07:06:46 +0000  167212 bytes for ./RobotoCondensed-BoldItalic.ttf
copying file ./upload@2x.png ... 
2018-08-29 07:06:46 +0000  5359 bytes for ./upload@2x.png
copying file ./AppIcon29x29~ipad.png ... 
2018-08-29 07:06:46 +0000  6982 bytes for ./AppIcon29x29~ipad.png
copying file ./person.png ... 
2018-08-29 07:06:46 +0000  1202 bytes for ./person.png
2018-08-29 07:06:46 +0000  copying file ./12.png ... 
2018-08-29 07:06:46 +0000  1439 bytes for ./12.png
2018-08-29 07:06:46 +0000  copying file ./m24_camera_alt_black@2x.png ... 
2018-08-29 07:06:46 +0000  608 bytes for ./m24_camera_alt_black@2x.png
2018-08-29 07:06:46 +0000  copying file ./13.png ... 
2018-08-29 07:06:46 +0000  2655 bytes for ./13.png
2018-08-29 07:06:46 +0000  copying file ./m24_settings_applications_black@2x.png ... 
2018-08-29 07:06:46 +0000  572 bytes for ./m24_settings_applications_black@2x.png
2018-08-29 07:06:46 +0000  copying file ./inkoop.png ... 
2018-08-29 07:06:46 +0000  3410 bytes for ./inkoop.png
2018-08-29 07:06:46 +0000  copying file ./3@2x.png ... 
2018-08-29 07:06:46 +0000  4764 bytes for ./3@2x.png
2018-08-29 07:06:46 +0000  copying file ./verkoop.png ... 
2018-08-29 07:06:46 +0000  2823 bytes for ./verkoop.png
2018-08-29 07:06:46 +0000  copying file ./m24_call_black@3x.png ... 
2018-08-29 07:06:46 +0000  953 bytes for ./m24_call_black@3x.png
2018-08-29 07:06:46 +0000  copying file ./16@2x.png ... 
2018-08-29 07:06:46 +0000  5323 bytes for ./16@2x.png
2018-08-29 07:06:46 +0000  copying file ./11.png ... 
2018-08-29 07:06:46 +0000  2630 bytes for ./11.png
2018-08-29 07:06:46 +0000  copying file ./UITextFieldClearButton.png ... 
2018-08-29 07:06:46 +0000  771 bytes for ./UITextFieldClearButton.png
2018-08-29 07:06:46 +0000  copying file ./Base.lproj/Main.storyboardc/UIViewController-BYZ-38-t0r.nib ... 
2018-08-29 07:06:46 +0000  916 bytes for ./Base.lproj/Main.storyboardc/UIViewController-BYZ-38-t0r.nib
2018-08-29 07:06:46 +0000  copying file ./Base.lproj/Main.storyboardc/BYZ-38-t0r-view-8bC-Xf-vdC.nib ... 
2018-08-29 07:06:46 +0000  1791 bytes for ./Base.lproj/Main.storyboardc/BYZ-38-t0r-view-8bC-Xf-vdC.nib
2018-08-29 07:06:46 +0000  copying file ./Base.lproj/Main.storyboardc/Info.plist ... 
2018-08-29 07:06:46 +0000  258 bytes for ./Base.lproj/Main.storyboardc/Info.plist
2018-08-29 07:06:46 +0000  copying file ./Base.lproj/LaunchScreen.storyboardc/01J-lp-oVM-view-Ze5-6b-2t3.nib ... 
2018-08-29 07:06:46 +0000  1791 bytes for ./Base.lproj/LaunchScreen.storyboardc/01J-lp-oVM-view-Ze5-6b-2t3.nib
copying file ./Base.lproj/LaunchScreen.storyboardc/UIViewController-01J-lp-oVM.nib ... 
2018-08-29 07:06:46 +0000  832 bytes for ./Base.lproj/LaunchScreen.storyboardc/UIViewController-01J-lp-oVM.nib
2018-08-29 07:06:46 +0000  copying file ./Base.lproj/LaunchScreen.storyboardc/Info.plist ... 
2018-08-29 07:06:46 +0000  258 bytes for ./Base.lproj/LaunchScreen.storyboardc/Info.plist
2018-08-29 07:06:46 +0000  copying file ./10.png ... 
2018-08-29 07:06:46 +0000  2643 bytes for ./10.png
2018-08-29 07:06:46 +0000  copying file ./m24_format_list_bulleted_black@2x.png ... 
2018-08-29 07:06:46 +0000  288 bytes for ./m24_format_list_bulleted_black@2x.png
2018-08-29 07:06:46 +0000  copying file ./info@2x.png ... 
2018-08-29 07:06:46 +0000  4100 bytes for ./info@2x.png
2018-08-29 07:06:46 +0000  copying file ./titles.plist ... 
2018-08-29 07:06:46 +0000  3025 bytes for ./titles.plist
copying file ./search.png ... 
2018-08-29 07:06:46 +0000  2342 bytes for ./search.png
2018-08-29 07:06:46 +0000  copying file ./01@2x.png ... 
2018-08-29 07:06:46 +0000  4250 bytes for ./01@2x.png
2018-08-29 07:06:46 +0000  copying file ./camer.png ... 
2018-08-29 07:06:46 +0000  2811 bytes for ./camer.png
2018-08-29 07:06:46 +0000  copying file ./CarItems.plist ... 
2018-08-29 07:06:46 +0000  835 bytes for ./CarItems.plist
2018-08-29 07:06:46 +0000  copying file ./13@2x.png ... 
2018-08-29 07:06:46 +0000  5359 bytes for ./13@2x.png
2018-08-29 07:06:46 +0000  copying file ./m24_dashboard_black.png ... 
2018-08-29 07:06:46 +0000  215 bytes for ./m24_dashboard_black.png
2018-08-29 07:06:46 +0000  copying file ./RobotoCondensed-LightItalic.ttf ... 
2018-08-29 07:06:46 +0000  167432 bytes for ./RobotoCondensed-LightItalic.ttf
2018-08-29 07:06:46 +0000  copying file ./m24_refresh_blackdp.png ... 
2018-08-29 07:06:46 +0000  3171 bytes for ./m24_refresh_blackdp.png
2018-08-29 07:06:46 +0000  copying file ./Assets.car ... 
2018-08-29 07:06:46 +0000  259080 bytes for ./Assets.car
copying file ./Carparts.png ... 
2018-08-29 07:06:46 +0000  2330 bytes for ./Carparts.png
2018-08-29 07:06:46 +0000  copying file ./m24_more_vert_black@3x.png ... 
2018-08-29 07:06:46 +0000  454 bytes for ./m24_more_vert_black@3x.png
2018-08-29 07:06:46 +0000  copying file ./6@2x.png ... 
2018-08-29 07:06:46 +0000  4959 bytes for ./6@2x.png
2018-08-29 07:06:46 +0000  copying file ./forward.png ... 
2018-08-29 07:06:46 +0000  1518 bytes for ./forward.png
copying file ./AppIcon40x40@2x~ipad.png ... 
2018-08-29 07:06:46 +0000  9103 bytes for ./AppIcon40x40@2x~ipad.png
2018-08-29 07:06:46 +0000  copying file ./logo.png ... 
2018-08-29 07:06:46 +0000  6209 bytes for ./logo.png
2018-08-29 07:06:46 +0000  copying file ./AppIcon76x76@2x~ipad.png ... 
2018-08-29 07:06:46 +0000  13017 bytes for ./AppIcon76x76@2x~ipad.png
2018-08-29 07:06:46 +0000  copying file ./upload.png ... 
2018-08-29 07:06:46 +0000  2655 bytes for ./upload.png
2018-08-29 07:06:46 +0000  copying file ./caricon.png ... 
2018-08-29 07:06:46 +0000  81680 bytes for ./caricon.png
2018-08-29 07:06:46 +0000  copying file ./m24_more_vert_black@2x.png ... 
2018-08-29 07:06:46 +0000  217 bytes for ./m24_more_vert_black@2x.png
2018-08-29 07:06:46 +0000  copying file ./8@2x.png ... 
2018-08-29 07:06:46 +0000  8135 bytes for ./8@2x.png
copying file ./Roboto-ThinItalic.ttf ... 
2018-08-29 07:06:46 +0000  168276 bytes for ./Roboto-ThinItalic.ttf
2018-08-29 07:06:46 +0000  copying file ./RobotoCondensed-Regular.ttf ... 
2018-08-29 07:06:46 +0000  161524 bytes for ./RobotoCondensed-Regular.ttf
copying file ./CarItemsfold.plist ... 
2018-08-29 07:06:46 +0000  6378 bytes for ./CarItemsfold.plist
2018-08-29 07:06:46 +0000  copying file ./4@2x.png ... 
2018-08-29 07:06:46 +0000  5487 bytes for ./4@2x.png
2018-08-29 07:06:46 +0000  copying file ./Roboto-BoldItalic.ttf ... 
2018-08-29 07:06:46 +0000  163644 bytes for ./Roboto-BoldItalic.ttf
2018-08-29 07:06:46 +0000  copying file ./camer@2x.png ... 
2018-08-29 07:06:46 +0000  6313 bytes for ./camer@2x.png
2018-08-29 07:06:46 +0000  copying file ./AppIcon83.5x83.5@2x~ipad.png ... 
2018-08-29 07:06:46 +0000  13985 bytes for ./AppIcon83.5x83.5@2x~ipad.png
2018-08-29 07:06:46 +0000  copying file ./11@2x.png ... 
2018-08-29 07:06:46 +0000  5981 bytes for ./11@2x.png
2018-08-29 07:06:46 +0000  copying file ./Autonet ... 
2018-08-29 07:06:46 +0000  18605696 bytes for ./Autonet
copying file ./Kenteken.ttf ... 
2018-08-29 07:06:46 +0000  33584 bytes for ./Kenteken.ttf
copying file ./19.png ... 
1413 bytes for ./19.png
copying file ./m24_refresh_blackdp@2x.png ... 
9486 bytes for ./m24_refresh_blackdp@2x.png
copying file ./Roboto-LightItalic.ttf ... 
166492 bytes for ./Roboto-LightItalic.ttf
copying file ./delete.png ... 
877 bytes for ./delete.png
copying file ./4.png ... 
2706 bytes for ./4.png
copying file ./person@3x.png ... 
1857 bytes for ./person@3x.png
copying file ./AppIcon29x29@2x~ipad.png ... 
8103 bytes for ./AppIcon29x29@2x~ipad.png
copying file ./5.png ... 
2531 bytes for ./5.png
copying file ./Lato-Light.ttf ... 
122524 bytes for ./Lato-Light.ttf
copying file ./LaunchImage-700-Landscape@2x~ipad.png ... 
45075 bytes for ./LaunchImage-700-Landscape@2x~ipad.png
copying file ./m24_call_black.png ... 
361 bytes for ./m24_call_black.png
copying file ./7.png ... 
2806 bytes for ./7.png
copying file ./Roboto-Italic.ttf ... 
161484 bytes for ./Roboto-Italic.ttf
copying file ./note@2x.png ... 
6197 bytes for ./note@2x.png
copying file ./AppIcon40x40~ipad.png ... 
7450 bytes for ./AppIcon40x40~ipad.png
copying file ./AppIcon20x20~ipad.png ... 
6693 bytes for ./AppIcon20x20~ipad.png
copying file ./Roboto-BlackItalic.ttf ... 
165444 bytes for ./Roboto-BlackItalic.ttf
copying file ./19@2x.png ... 
3300 bytes for ./19@2x.png
copying file ./Download.plist ... 
564 bytes for ./Download.plist
copying file ./gone@2x.png ... 
4574 bytes for ./gone@2x.png
copying file ./6.png ... 
2334 bytes for ./6.png
copying file ./embedded.mobileprovision ... 
7598 bytes for ./embedded.mobileprovision
copying file ./Roboto-Bold.ttf ... 
162464 bytes for ./Roboto-Bold.ttf
copying file ./15@2x.png ... 
2921 bytes for ./15@2x.png
copying file ./verkoop@2x.png ... 
9066 bytes for ./verkoop@2x.png
copying file ./2.png ... 
3530 bytes for ./2.png
copying file ./Roboto-Thin.ttf ... 
163132 bytes for ./Roboto-Thin.ttf
copying file ./LaunchImage-700-Landscape~ipad.png ... 
13440 bytes for ./LaunchImage-700-Landscape~ipad.png
copying file ./Roboto-Black.ttf ... 
2018-08-29 07:06:46 +0000  163488 bytes for ./Roboto-Black.ttf
copying file ./17@2x.png ... 
282 bytes for ./17@2x.png
copying file ./3.png ... 
3217 bytes for ./3.png
copying file ./Carparts@2x.png ... 
4843 bytes for ./Carparts@2x.png
copying file ./AppIcon20x20@2x~ipad.png ... 
7450 bytes for ./AppIcon20x20@2x~ipad.png
copying file ./back.png ... 
415 bytes for ./back.png
copying file ./Info.plist ... 
2585 bytes for ./Info.plist
copying file ./1.png ... 
2524 bytes for ./1.png
copying file ./2@2x.png ... 
2018-08-29 07:06:46 +0000  6983 bytes for ./2@2x.png
2018-08-29 07:06:46 +0000  copying file ./Afstand.plist ... 
2018-08-29 07:06:46 +0000  146 bytes for ./Afstand.plist
2018-08-29 07:06:46 +0000  copying file ./inkoop@2x.png ... 
2018-08-29 07:06:46 +0000  6217 bytes for ./inkoop@2x.png
2018-08-29 07:06:46 +0000  copying file ./euro@2x.png ... 
2018-08-29 07:06:46 +0000  9699 bytes for ./euro@2x.png
2018-08-29 07:06:46 +0000  copying file ./person@2x.png ... 
2018-08-29 07:06:46 +0000  1496 bytes for ./person@2x.png
2018-08-29 07:06:46 +0000  copying file ./PkgInfo ... 
2018-08-29 07:06:46 +0000  8 bytes for ./PkgInfo
2018-08-29 07:06:46 +0000  copying file ./license_plate_nl@2x.png ... 
2018-08-29 07:06:46 +0000  3749 bytes for ./license_plate_nl@2x.png
2018-08-29 07:06:46 +0000  copying file ./AppIcon76x76~ipad.png ... 
2018-08-29 07:06:46 +0000  8909 bytes for ./AppIcon76x76~ipad.png
2018-08-29 07:06:46 +0000  
2018-08-29 07:06:46 +0000  
2018-08-29 07:06:46 +0000  /usr/bin/ditto exited with 02018-08-29 07:06:46 +0000  
2018-08-29 07:06:46 +0000  

2018-08-29 07:06:46 +0000  Processing step: IDEDistributionEmbedProfileStep
2018-08-29 07:06:46 +0000  Processing step: IDEDistributionItemRemovalStep
2018-08-29 07:06:46 +0000  Processing step: IDEDistributionAppThinningPlistStep
2018-08-29 07:06:46 +0000  Skipping step: IDEDistributionAppThinningPlistStep because it said so
2018-08-29 07:06:46 +0000  Processing step: IDEDistributionCompileBitcodeStep
2018-08-29 07:06:46 +0000  Skipping step: IDEDistributionCompileBitcodeStep because it said so
2018-08-29 07:06:46 +0000  Processing step: IDEDistributionCodeSlimmingStep
2018-08-29 07:06:46 +0000  Processing step: IDEDistributionCopyBCSymbolMapsStep
2018-08-29 07:06:46 +0000  Running /usr/bin/ditto '-V' '/Users/jeffreysnijder02/Library/Developer/Xcode/Archives/2018-08-29/Autonet 29-08-18 09.06.xcarchive/BCSymbolMaps/6D0BC3FE-2888-347C-9B48-5E0604C77DF5.bcsymbolmap' '/var/folders/28/v2jyct8n7wl6hgn4mh3p6lw00000gp/T/XcodeDistPipeline.BvE/Root/BCSymbolMaps/6D0BC3FE-2888-347C-9B48-5E0604C77DF5.bcsymbolmap'
2018-08-29 07:06:46 +0000  >>> Copying /Users/jeffreysnijder02/Library/Developer/Xcode/Archives/2018-08-29/Autonet 29-08-18 09.06.xcarchive/BCSymbolMaps/6D0BC3FE-2888-347C-9B48-5E0604C77DF5.bcsymbolmap 
2018-08-29 07:06:46 +0000  copying file ./6D0BC3FE-2888-347C-9B48-5E0604C77DF5.bcsymbolmap ... 
2018-08-29 07:06:46 +0000  262717 bytes for ./6D0BC3FE-2888-347C-9B48-5E0604C77DF5.bcsymbolmap
2018-08-29 07:06:46 +0000  2018-08-29 07:06:46 +0000  

2018-08-29 07:06:46 +0000  /usr/bin/ditto exited with 0
2018-08-29 07:06:46 +0000  
2018-08-29 07:06:46 +0000  Running /usr/bin/ditto '-V' '/Users/jeffreysnijder02/Library/Developer/Xcode/Archives/2018-08-29/Autonet 29-08-18 09.06.xcarchive/BCSymbolMaps/9D85F801-DB7A-3547-BE06-E690096C0097.bcsymbolmap' '/var/folders/28/v2jyct8n7wl6hgn4mh3p6lw00000gp/T/XcodeDistPipeline.BvE/Root/BCSymbolMaps/9D85F801-DB7A-3547-BE06-E690096C0097.bcsymbolmap'
2018-08-29 07:06:46 +0000  >>> Copying /Users/jeffreysnijder02/Library/Developer/Xcode/Archives/2018-08-29/Autonet 29-08-18 09.06.xcarchive/BCSymbolMaps/9D85F801-DB7A-3547-BE06-E690096C0097.bcsymbolmap 
2018-08-29 07:06:46 +0000  copying file ./9D85F801-DB7A-3547-BE06-E690096C0097.bcsymbolmap ... 
2018-08-29 07:06:46 +0000  259886 bytes for ./9D85F801-DB7A-3547-BE06-E690096C0097.bcsymbolmap
2018-08-29 07:06:46 +0000  
2018-08-29 07:06:46 +0000  2018-08-29 07:06:46 +0000  /usr/bin/ditto exited with 0

2018-08-29 07:06:46 +0000  
2018-08-29 07:06:46 +0000  
2018-08-29 07:06:46 +0000  Processing step: IDEDistributionSymbolsStep
2018-08-29 07:06:46 +0000  Excluding symbols for Autonet.app
2018-08-29 07:06:46 +0000  Processing step: IDEDistributionCopyAppleProvidedContentStep
2018-08-29 07:06:46 +0000  Processing step: IDEDistributionAppThinningStep
2018-08-29 07:06:46 +0000  Skipping step: IDEDistributionAppThinningStep because it said so
2018-08-29 07:06:46 +0000  Processing step: IDEDistributionODRStep
2018-08-29 07:06:46 +0000  Processing step: IDEDistributionStripXattrsStep
2018-08-29 07:06:46 +0000  Running /usr/bin/xattr '-crs' '/var/folders/28/v2jyct8n7wl6hgn4mh3p6lw00000gp/T/XcodeDistPipeline.BvE/Root/Payload/Autonet.app'
2018-08-29 07:06:46 +0000  2018-08-29 07:06:46 +0000  
2018-08-29 07:06:46 +0000  /usr/bin/xattr exited with 0

2018-08-29 07:06:46 +0000  2018-08-29 07:06:46 +0000  

2018-08-29 07:06:46 +0000  Processing step: IDEDistributionCodesignStep
2018-08-29 07:06:46 +0000  Entitlements for <IDEDistributionItem: 0x7f8c00e24ad0 'nl.Autonet.app' '<DVTFilePath:0x7f8bfb646300:'/Users/jeffreysnijder02/Library/Developer/Xcode/Archives/2018-08-29/Autonet 29-08-18 09.06.xcarchive/Products/Applications/Autonet.app'>'>: {
    "application-identifier" = "6RBVN2966L.nl.Autonet.app";
    "beta-reports-active" = 1;
    "com.apple.developer.team-identifier" = 6RBVN2966L;
    "get-task-allow" = 0;
    "keychain-access-groups" =     (
        "6RBVN2966L.nl.Autonet.app"
    );
}
2018-08-29 07:06:46 +0000  Writing entitlements for <IDEDistributionItem: 0x7f8c00e24ad0 'nl.Autonet.app' '<DVTFilePath:0x7f8bfb646300:'/Users/jeffreysnijder02/Library/Developer/Xcode/Archives/2018-08-29/Autonet 29-08-18 09.06.xcarchive/Products/Applications/Autonet.app'>'> to: /var/folders/28/v2jyct8n7wl6hgn4mh3p6lw00000gp/T/XcodeDistPipeline.BvE/entitlementsd4nEfE
2018-08-29 07:06:46 +0000  Running /usr/bin/codesign '-vvv' '--force' '--sign' '490BEA3A7D743CE144F3E79B5EBE66A7EE85DF74' '--preserve-metadata=identifier,flags' '--entitlements' '/var/folders/28/v2jyct8n7wl6hgn4mh3p6lw00000gp/T/XcodeDistPipeline.BvE/entitlementsd4nEfE' '/var/folders/28/v2jyct8n7wl6hgn4mh3p6lw00000gp/T/XcodeDistPipeline.BvE/Root/Payload/Autonet.app'
2018-08-29 07:06:56 +0000  /var/folders/28/v2jyct8n7wl6hgn4mh3p6lw00000gp/T/XcodeDistPipeline.BvE/Root/Payload/Autonet.app: signed app bundle with Mach-O universal (armv7 arm64) [nl.Autonet.app]
2018-08-29 07:06:56 +0000  2018-08-29 07:06:56 +0000  
2018-08-29 07:06:56 +0000  /usr/bin/codesign exited with 0

2018-08-29 07:06:56 +0000  2018-08-29 07:06:56 +0000  

2018-08-29 07:06:56 +0000  Processing step: IDEDistributionStreamingZipItemStep
2018-08-29 07:06:56 +0000  Skipping step: IDEDistributionStreamingZipItemStep because it said so
2018-08-29 07:06:56 +0000  Processing step: IDEDistributionCreateIPAStep
2018-08-29 07:06:56 +0000  Running /usr/bin/ditto '-V' '-c' '-k' '--norsrc' '/var/folders/28/v2jyct8n7wl6hgn4mh3p6lw00000gp/T/XcodeDistPipeline.BvE/Root' '/var/folders/28/v2jyct8n7wl6hgn4mh3p6lw00000gp/T/XcodeDistPipeline.BvE/Packages/Autonet.ipa'
2018-08-29 07:06:56 +0000  >>> Copying /var/folders/28/v2jyct8n7wl6hgn4mh3p6lw00000gp/T/XcodeDistPipeline.BvE/Root 
2018-08-29 07:06:56 +0000  copying file ./BCSymbolMaps/6D0BC3FE-2888-347C-9B48-5E0604C77DF5.bcsymbolmap ... 
2018-08-29 07:06:56 +0000  262717 bytes for ./BCSymbolMaps/6D0BC3FE-2888-347C-9B48-5E0604C77DF5.bcsymbolmap
2018-08-29 07:06:56 +0000  copying file ./BCSymbolMaps/9D85F801-DB7A-3547-BE06-E690096C0097.bcsymbolmap ... 
2018-08-29 07:06:56 +0000  259886 bytes for ./BCSymbolMaps/9D85F801-DB7A-3547-BE06-E690096C0097.bcsymbolmap
2018-08-29 07:06:56 +0000  copying file ./Payload/Autonet.app/info.png ... 
2018-08-29 07:06:56 +0000  1840 bytes for ./Payload/Autonet.app/info.png
2018-08-29 07:06:56 +0000  copying file ./Payload/Autonet.app/_CodeSignature/CodeResources ... 
2018-08-29 07:06:56 +0000  46401 bytes for ./Payload/Autonet.app/_CodeSignature/CodeResources
2018-08-29 07:06:56 +0000  copying file ./Payload/Autonet.app/7@2x.png ... 
2018-08-29 07:06:56 +0000  5268 bytes for ./Payload/Autonet.app/7@2x.png
2018-08-29 07:06:56 +0000  copying file ./Payload/Autonet.app/Lato-Italic.ttf ... 
2018-08-29 07:06:56 +0000  118352 bytes for ./Payload/Autonet.app/Lato-Italic.ttf
copying file ./Payload/Autonet.app/m24_more_vert_black.png ... 
2018-08-29 07:06:56 +0000  178 bytes for ./Payload/Autonet.app/m24_more_vert_black.png
copying file ./Payload/Autonet.app/Roboto-Medium.ttf ... 
2018-08-29 07:06:56 +0000  162588 bytes for ./Payload/Autonet.app/Roboto-Medium.ttf
copying file ./Payload/Autonet.app/Roboto-Light.ttf ... 
2018-08-29 07:06:56 +0000  162420 bytes for ./Payload/Autonet.app/Roboto-Light.ttf
copying file ./Payload/Autonet.app/search@2x.png ... 
2018-08-29 07:06:56 +0000  2849 bytes for ./Payload/Autonet.app/search@2x.png
copying file ./Payload/Autonet.app/back@2x.png ... 
2018-08-29 07:06:56 +0000  839 bytes for ./Payload/Autonet.app/back@2x.png
2018-08-29 07:06:56 +0000  copying file ./Payload/Autonet.app/m24_dashboard_black@3x.png ... 
361 bytes for ./Payload/Autonet.app/m24_dashboard_black@3x.png
2018-08-29 07:06:56 +0000  copying file ./Payload/Autonet.app/12@2x.png ... 
3225 bytes for ./Payload/Autonet.app/12@2x.png
copying file ./Payload/Autonet.app/EmptyPart.plist ... 
2018-08-29 07:06:56 +0000  933 bytes for ./Payload/Autonet.app/EmptyPart.plist
2018-08-29 07:06:56 +0000  copying file ./Payload/Autonet.app/note.png ... 
2018-08-29 07:06:56 +0000  2590 bytes for ./Payload/Autonet.app/note.png
copying file ./Payload/Autonet.app/Lato-Bold.ttf ... 
2018-08-29 07:06:56 +0000  121788 bytes for ./Payload/Autonet.app/Lato-Bold.ttf
copying file ./Payload/Autonet.app/m24_format_list_bulleted_black.png ... 
2018-08-29 07:06:56 +0000  201 bytes for ./Payload/Autonet.app/m24_format_list_bulleted_black.png
copying file ./Payload/Autonet.app/m24_dashboard_black@2x.png ... 
2018-08-29 07:06:56 +0000  227 bytes for ./Payload/Autonet.app/m24_dashboard_black@2x.png
copying file ./Payload/Autonet.app/10@2x.png ... 
2018-08-29 07:06:56 +0000  5323 bytes for ./Payload/Autonet.app/10@2x.png
2018-08-29 07:06:56 +0000  copying file ./Payload/Autonet.app/RobotoCondensed-Bold.ttf ... 
2018-08-29 07:06:56 +0000  161748 bytes for ./Payload/Autonet.app/RobotoCondensed-Bold.ttf
2018-08-29 07:06:56 +0000  copying file ./Payload/Autonet.app/02@2x.png ... 
2018-08-29 07:06:56 +0000  4689 bytes for ./Payload/Autonet.app/02@2x.png
2018-08-29 07:06:56 +0000  copying file ./Payload/Autonet.app/m24_settings_applications_black.png ... 
356 bytes for ./Payload/Autonet.app/m24_settings_applications_black.png
2018-08-29 07:06:56 +0000  copying file ./Payload/Autonet.app/9@2x.png ... 
2018-08-29 07:06:56 +0000  4692 bytes for ./Payload/Autonet.app/9@2x.png
copying file ./Payload/Autonet.app/8.png ... 
2018-08-29 07:06:56 +0000  5499 bytes for ./Payload/Autonet.app/8.png
2018-08-29 07:06:56 +0000  copying file ./Payload/Autonet.app/RobotoCondensed-Light.ttf ... 
2018-08-29 07:06:56 +0000  160748 bytes for ./Payload/Autonet.app/RobotoCondensed-Light.ttf
2018-08-29 07:06:56 +0000  copying file ./Payload/Autonet.app/5@2x.png ... 
2018-08-29 07:06:56 +0000  4825 bytes for ./Payload/Autonet.app/5@2x.png
copying file ./Payload/Autonet.app/euro.png ... 
2018-08-29 07:06:56 +0000  4058 bytes for ./Payload/Autonet.app/euro.png
copying file ./Payload/Autonet.app/BTW.plist ... 
2018-08-29 07:06:56 +0000  151 bytes for ./Payload/Autonet.app/BTW.plist
copying file ./Payload/Autonet.app/gone.png ... 
2018-08-29 07:06:56 +0000  2078 bytes for ./Payload/Autonet.app/gone.png
copying file ./Payload/Autonet.app/File ... 
2018-08-29 07:06:56 +0000  3597 bytes for ./Payload/Autonet.app/File
2018-08-29 07:06:56 +0000  copying file ./Payload/Autonet.app/Down@2x.png ... 
2018-08-29 07:06:56 +0000  3834 bytes for ./Payload/Autonet.app/Down@2x.png
copying file ./Payload/Autonet.app/9.png ... 
2018-08-29 07:06:56 +0000  2290 bytes for ./Payload/Autonet.app/9.png
copying file ./Payload/Autonet.app/Roboto-Regular.ttf ... 
2018-08-29 07:06:56 +0000  162876 bytes for ./Payload/Autonet.app/Roboto-Regular.ttf
copying file ./Payload/Autonet.app/Up.png ... 
2018-08-29 07:06:56 +0000  1590 bytes for ./Payload/Autonet.app/Up.png
copying file ./Payload/Autonet.app/m24_camera_alt_black.png ... 
2018-08-29 07:06:56 +0000  367 bytes for ./Payload/Autonet.app/m24_camera_alt_black.png
copying file ./Payload/Autonet.app/m24_format_list_bulleted_black@3x.png ... 
2018-08-29 07:06:56 +0000  528 bytes for ./Payload/Autonet.app/m24_format_list_bulleted_black@3x.png
copying file ./Payload/Autonet.app/UITextFieldClearButtonPressed.png ... 
2018-08-29 07:06:56 +0000  496 bytes for ./Payload/Autonet.app/UITextFieldClearButtonPressed.png
2018-08-29 07:06:56 +0000  copying file ./Payload/Autonet.app/14.png ... 
2018-08-29 07:06:56 +0000  2625 bytes for ./Payload/Autonet.app/14.png
copying file ./Payload/Autonet.app/license_plate_nl.png ... 
2018-08-29 07:06:56 +0000  3384 bytes for ./Payload/Autonet.app/license_plate_nl.png
copying file ./Payload/Autonet.app/14@2x.png ... 
2018-08-29 07:06:56 +0000  5197 bytes for ./Payload/Autonet.app/14@2x.png
2018-08-29 07:06:56 +0000  copying file ./Payload/Autonet.app/Roboto-MediumItalic.ttf ... 
2018-08-29 07:06:56 +0000  165636 bytes for ./Payload/Autonet.app/Roboto-MediumItalic.ttf
copying file ./Payload/Autonet.app/01.png ... 
2018-08-29 07:06:56 +0000  1917 bytes for ./Payload/Autonet.app/01.png
copying file ./Payload/Autonet.app/15.png ... 
2018-08-29 07:06:56 +0000  1346 bytes for ./Payload/Autonet.app/15.png
copying file ./Payload/Autonet.app/m24_call_black@2x.png ... 
2018-08-29 07:06:56 +0000  600 bytes for ./Payload/Autonet.app/m24_call_black@2x.png
copying file ./Payload/Autonet.app/forward@2x.png ... 
2018-08-29 07:06:56 +0000  3443 bytes for ./Payload/Autonet.app/forward@2x.png
2018-08-29 07:06:56 +0000  copying file ./Payload/Autonet.app/17.png ... 
2018-08-29 07:06:56 +0000  1346 bytes for ./Payload/Autonet.app/17.png
copying file ./Payload/Autonet.app/m24_settings_applications_black@3x.png ... 
2018-08-29 07:06:56 +0000  1083 bytes for ./Payload/Autonet.app/m24_settings_applications_black@3x.png
copying file ./Payload/Autonet.app/RobotoCondensed-Italic.ttf ... 
2018-08-29 07:06:56 +0000  166136 bytes for ./Payload/Autonet.app/RobotoCondensed-Italic.ttf
copying file ./Payload/Autonet.app/Down.png ... 
2018-08-29 07:06:56 +0000  1580 bytes for ./Payload/Autonet.app/Down.png
copying file ./Payload/Autonet.app/m24_camera_alt_black@3x.png ... 
2018-08-29 07:06:56 +0000  1078 bytes for ./Payload/Autonet.app/m24_camera_alt_black@3x.png
copying file ./Payload/Autonet.app/1@2x.png ... 
2018-08-29 07:06:56 +0000  4837 bytes for ./Payload/Autonet.app/1@2x.png
2018-08-29 07:06:56 +0000  copying file ./Payload/Autonet.app/Up@2x.png ... 
2018-08-29 07:06:56 +0000  3857 bytes for ./Payload/Autonet.app/Up@2x.png
copying file ./Payload/Autonet.app/16.png ... 
2018-08-29 07:06:56 +0000  2643 bytes for ./Payload/Autonet.app/16.png
copying file ./Payload/Autonet.app/02.png ... 
2018-08-29 07:06:56 +0000  2135 bytes for ./Payload/Autonet.app/02.png
2018-08-29 07:06:56 +0000  copying file ./Payload/Autonet.app/Autonet.momd/VersionInfo.plist ... 
151 bytes for ./Payload/Autonet.app/Autonet.momd/VersionInfo.plist
2018-08-29 07:06:56 +0000  copying file ./Payload/Autonet.app/Autonet.momd/Autonet.mom ... 
2018-08-29 07:06:56 +0000  513 bytes for ./Payload/Autonet.app/Autonet.momd/Autonet.mom
copying file ./Payload/Autonet.app/Autonet.momd/Autonet.omo ... 
2018-08-29 07:06:56 +0000  696 bytes for ./Payload/Autonet.app/Autonet.momd/Autonet.omo
copying file ./Payload/Autonet.app/Lato-Regular.ttf ... 
2018-08-29 07:06:56 +0000  120196 bytes for ./Payload/Autonet.app/Lato-Regular.ttf
copying file ./Payload/Autonet.app/RobotoCondensed-BoldItalic.ttf ... 
2018-08-29 07:06:56 +0000  167212 bytes for ./Payload/Autonet.app/RobotoCondensed-BoldItalic.ttf
copying file ./Payload/Autonet.app/upload@2x.png ... 
2018-08-29 07:06:56 +0000  5359 bytes for ./Payload/Autonet.app/upload@2x.png
copying file ./Payload/Autonet.app/AppIcon29x29~ipad.png ... 
2018-08-29 07:06:56 +0000  6982 bytes for ./Payload/Autonet.app/AppIcon29x29~ipad.png
2018-08-29 07:06:56 +0000  copying file ./Payload/Autonet.app/person.png ... 
1202 bytes for ./Payload/Autonet.app/person.png
2018-08-29 07:06:56 +0000  copying file ./Payload/Autonet.app/12.png ... 
1439 bytes for ./Payload/Autonet.app/12.png
2018-08-29 07:06:56 +0000  copying file ./Payload/Autonet.app/m24_camera_alt_black@2x.png ... 
608 bytes for ./Payload/Autonet.app/m24_camera_alt_black@2x.png
copying file ./Payload/Autonet.app/13.png ... 
2018-08-29 07:06:56 +0000  2655 bytes for ./Payload/Autonet.app/13.png
2018-08-29 07:06:56 +0000  copying file ./Payload/Autonet.app/m24_settings_applications_black@2x.png ... 
2018-08-29 07:06:56 +0000  572 bytes for ./Payload/Autonet.app/m24_settings_applications_black@2x.png
copying file ./Payload/Autonet.app/inkoop.png ... 
2018-08-29 07:06:56 +0000  3410 bytes for ./Payload/Autonet.app/inkoop.png
copying file ./Payload/Autonet.app/3@2x.png ... 
2018-08-29 07:06:56 +0000  4764 bytes for ./Payload/Autonet.app/3@2x.png
2018-08-29 07:06:56 +0000  copying file ./Payload/Autonet.app/verkoop.png ... 
2823 bytes for ./Payload/Autonet.app/verkoop.png
copying file ./Payload/Autonet.app/m24_call_black@3x.png ... 
2018-08-29 07:06:56 +0000  953 bytes for ./Payload/Autonet.app/m24_call_black@3x.png
2018-08-29 07:06:56 +0000  copying file ./Payload/Autonet.app/16@2x.png ... 
2018-08-29 07:06:56 +0000  5323 bytes for ./Payload/Autonet.app/16@2x.png
2018-08-29 07:06:56 +0000  copying file ./Payload/Autonet.app/11.png ... 
2018-08-29 07:06:56 +0000  2630 bytes for ./Payload/Autonet.app/11.png
copying file ./Payload/Autonet.app/UITextFieldClearButton.png ... 
2018-08-29 07:06:56 +0000  771 bytes for ./Payload/Autonet.app/UITextFieldClearButton.png
2018-08-29 07:06:56 +0000  copying file ./Payload/Autonet.app/Base.lproj/Main.storyboardc/UIViewController-BYZ-38-t0r.nib ... 
2018-08-29 07:06:56 +0000  916 bytes for ./Payload/Autonet.app/Base.lproj/Main.storyboardc/UIViewController-BYZ-38-t0r.nib
copying file ./Payload/Autonet.app/Base.lproj/Main.storyboardc/BYZ-38-t0r-view-8bC-Xf-vdC.nib ... 
2018-08-29 07:06:56 +0000  1791 bytes for ./Payload/Autonet.app/Base.lproj/Main.storyboardc/BYZ-38-t0r-view-8bC-Xf-vdC.nib
copying file ./Payload/Autonet.app/Base.lproj/Main.storyboardc/Info.plist ... 
2018-08-29 07:06:56 +0000  258 bytes for ./Payload/Autonet.app/Base.lproj/Main.storyboardc/Info.plist
2018-08-29 07:06:56 +0000  copying file ./Payload/Autonet.app/Base.lproj/LaunchScreen.storyboardc/01J-lp-oVM-view-Ze5-6b-2t3.nib ... 
2018-08-29 07:06:56 +0000  1791 bytes for ./Payload/Autonet.app/Base.lproj/LaunchScreen.storyboardc/01J-lp-oVM-view-Ze5-6b-2t3.nib
copying file ./Payload/Autonet.app/Base.lproj/LaunchScreen.storyboardc/UIViewController-01J-lp-oVM.nib ... 
2018-08-29 07:06:56 +0000  832 bytes for ./Payload/Autonet.app/Base.lproj/LaunchScreen.storyboardc/UIViewController-01J-lp-oVM.nib
copying file ./Payload/Autonet.app/Base.lproj/LaunchScreen.storyboardc/Info.plist ... 
2018-08-29 07:06:56 +0000  258 bytes for ./Payload/Autonet.app/Base.lproj/LaunchScreen.storyboardc/Info.plist
2018-08-29 07:06:56 +0000  copying file ./Payload/Autonet.app/10.png ... 
2018-08-29 07:06:56 +0000  2643 bytes for ./Payload/Autonet.app/10.png
copying file ./Payload/Autonet.app/m24_format_list_bulleted_black@2x.png ... 
2018-08-29 07:06:56 +0000  288 bytes for ./Payload/Autonet.app/m24_format_list_bulleted_black@2x.png
copying file ./Payload/Autonet.app/info@2x.png ... 
2018-08-29 07:06:56 +0000  4100 bytes for ./Payload/Autonet.app/info@2x.png
2018-08-29 07:06:56 +0000  copying file ./Payload/Autonet.app/titles.plist ... 
2018-08-29 07:06:56 +0000  3025 bytes for ./Payload/Autonet.app/titles.plist
copying file ./Payload/Autonet.app/search.png ... 
2018-08-29 07:06:56 +0000  2342 bytes for ./Payload/Autonet.app/search.png
2018-08-29 07:06:56 +0000  copying file ./Payload/Autonet.app/01@2x.png ... 
2018-08-29 07:06:56 +0000  4250 bytes for ./Payload/Autonet.app/01@2x.png
copying file ./Payload/Autonet.app/camer.png ... 
2018-08-29 07:06:56 +0000  2811 bytes for ./Payload/Autonet.app/camer.png
2018-08-29 07:06:56 +0000  copying file ./Payload/Autonet.app/CarItems.plist ... 
2018-08-29 07:06:56 +0000  835 bytes for ./Payload/Autonet.app/CarItems.plist
copying file ./Payload/Autonet.app/13@2x.png ... 
2018-08-29 07:06:56 +0000  5359 bytes for ./Payload/Autonet.app/13@2x.png
copying file ./Payload/Autonet.app/m24_dashboard_black.png ... 
2018-08-29 07:06:56 +0000  215 bytes for ./Payload/Autonet.app/m24_dashboard_black.png
2018-08-29 07:06:56 +0000  copying file ./Payload/Autonet.app/RobotoCondensed-LightItalic.ttf ... 
2018-08-29 07:06:56 +0000  167432 bytes for ./Payload/Autonet.app/RobotoCondensed-LightItalic.ttf
copying file ./Payload/Autonet.app/m24_refresh_blackdp.png ... 
2018-08-29 07:06:56 +0000  3171 bytes for ./Payload/Autonet.app/m24_refresh_blackdp.png
copying file ./Payload/Autonet.app/Assets.car ... 
2018-08-29 07:06:56 +0000  259080 bytes for ./Payload/Autonet.app/Assets.car
copying file ./Payload/Autonet.app/Carparts.png ... 
2018-08-29 07:06:56 +0000  2330 bytes for ./Payload/Autonet.app/Carparts.png
copying file ./Payload/Autonet.app/m24_more_vert_black@3x.png ... 
2018-08-29 07:06:56 +0000  454 bytes for ./Payload/Autonet.app/m24_more_vert_black@3x.png
copying file ./Payload/Autonet.app/6@2x.png ... 
2018-08-29 07:06:56 +0000  4959 bytes for ./Payload/Autonet.app/6@2x.png
copying file ./Payload/Autonet.app/forward.png ... 
2018-08-29 07:06:56 +0000  1518 bytes for ./Payload/Autonet.app/forward.png
copying file ./Payload/Autonet.app/AppIcon40x40@2x~ipad.png ... 
2018-08-29 07:06:56 +0000  9103 bytes for ./Payload/Autonet.app/AppIcon40x40@2x~ipad.png
2018-08-29 07:06:56 +0000  copying file ./Payload/Autonet.app/logo.png ... 
2018-08-29 07:06:56 +0000  6209 bytes for ./Payload/Autonet.app/logo.png
copying file ./Payload/Autonet.app/AppIcon76x76@2x~ipad.png ... 
2018-08-29 07:06:56 +0000  13017 bytes for ./Payload/Autonet.app/AppIcon76x76@2x~ipad.png
2018-08-29 07:06:56 +0000  copying file ./Payload/Autonet.app/upload.png ... 
2018-08-29 07:06:56 +0000  2655 bytes for ./Payload/Autonet.app/upload.png
copying file ./Payload/Autonet.app/caricon.png ... 
2018-08-29 07:06:56 +0000  81680 bytes for ./Payload/Autonet.app/caricon.png
copying file ./Payload/Autonet.app/m24_more_vert_black@2x.png ... 
2018-08-29 07:06:56 +0000  217 bytes for ./Payload/Autonet.app/m24_more_vert_black@2x.png
copying file ./Payload/Autonet.app/8@2x.png ... 
2018-08-29 07:06:56 +0000  8135 bytes for ./Payload/Autonet.app/8@2x.png
copying file ./Payload/Autonet.app/Roboto-ThinItalic.ttf ... 
2018-08-29 07:06:56 +0000  168276 bytes for ./Payload/Autonet.app/Roboto-ThinItalic.ttf
copying file ./Payload/Autonet.app/RobotoCondensed-Regular.ttf ... 
2018-08-29 07:06:56 +0000  161524 bytes for ./Payload/Autonet.app/RobotoCondensed-Regular.ttf
copying file ./Payload/Autonet.app/CarItemsfold.plist ... 
2018-08-29 07:06:56 +0000  6378 bytes for ./Payload/Autonet.app/CarItemsfold.plist
2018-08-29 07:06:56 +0000  copying file ./Payload/Autonet.app/4@2x.png ... 
2018-08-29 07:06:56 +0000  5487 bytes for ./Payload/Autonet.app/4@2x.png
2018-08-29 07:06:56 +0000  copying file ./Payload/Autonet.app/Roboto-BoldItalic.ttf ... 
2018-08-29 07:06:56 +0000  163644 bytes for ./Payload/Autonet.app/Roboto-BoldItalic.ttf
2018-08-29 07:06:56 +0000  copying file ./Payload/Autonet.app/camer@2x.png ... 
2018-08-29 07:06:56 +0000  6313 bytes for ./Payload/Autonet.app/camer@2x.png
copying file ./Payload/Autonet.app/AppIcon83.5x83.5@2x~ipad.png ... 
2018-08-29 07:06:56 +0000  13985 bytes for ./Payload/Autonet.app/AppIcon83.5x83.5@2x~ipad.png
2018-08-29 07:06:56 +0000  copying file ./Payload/Autonet.app/11@2x.png ... 
2018-08-29 07:06:56 +0000  5981 bytes for ./Payload/Autonet.app/11@2x.png
copying file ./Payload/Autonet.app/Autonet ... 
2018-08-29 07:06:57 +0000  15802960 bytes for ./Payload/Autonet.app/Autonet
copying file ./Payload/Autonet.app/Kenteken.ttf ... 
2018-08-29 07:06:57 +0000  33584 bytes for ./Payload/Autonet.app/Kenteken.ttf
copying file ./Payload/Autonet.app/19.png ... 
2018-08-29 07:06:57 +0000  1413 bytes for ./Payload/Autonet.app/19.png
copying file ./Payload/Autonet.app/m24_refresh_blackdp@2x.png ... 
2018-08-29 07:06:57 +0000  9486 bytes for ./Payload/Autonet.app/m24_refresh_blackdp@2x.png
2018-08-29 07:06:57 +0000  copying file ./Payload/Autonet.app/Roboto-LightItalic.ttf ... 
2018-08-29 07:06:57 +0000  166492 bytes for ./Payload/Autonet.app/Roboto-LightItalic.ttf
copying file ./Payload/Autonet.app/delete.png ... 
2018-08-29 07:06:57 +0000  877 bytes for ./Payload/Autonet.app/delete.png
copying file ./Payload/Autonet.app/4.png ... 
2018-08-29 07:06:57 +0000  2706 bytes for ./Payload/Autonet.app/4.png
2018-08-29 07:06:57 +0000  copying file ./Payload/Autonet.app/person@3x.png ... 
2018-08-29 07:06:57 +0000  1857 bytes for ./Payload/Autonet.app/person@3x.png
copying file ./Payload/Autonet.app/AppIcon29x29@2x~ipad.png ... 
2018-08-29 07:06:57 +0000  8103 bytes for ./Payload/Autonet.app/AppIcon29x29@2x~ipad.png
2018-08-29 07:06:57 +0000  copying file ./Payload/Autonet.app/5.png ... 
2018-08-29 07:06:57 +0000  2531 bytes for ./Payload/Autonet.app/5.png
copying file ./Payload/Autonet.app/Lato-Light.ttf ... 
2018-08-29 07:06:57 +0000  122524 bytes for ./Payload/Autonet.app/Lato-Light.ttf
copying file ./Payload/Autonet.app/LaunchImage-700-Landscape@2x~ipad.png ... 
2018-08-29 07:06:57 +0000  45075 bytes for ./Payload/Autonet.app/LaunchImage-700-Landscape@2x~ipad.png
copying file ./Payload/Autonet.app/m24_call_black.png ... 
2018-08-29 07:06:57 +0000  361 bytes for ./Payload/Autonet.app/m24_call_black.png
copying file ./Payload/Autonet.app/7.png ... 
2018-08-29 07:06:57 +0000  2806 bytes for ./Payload/Autonet.app/7.png
2018-08-29 07:06:57 +0000  copying file ./Payload/Autonet.app/Roboto-Italic.ttf ... 
2018-08-29 07:06:57 +0000  161484 bytes for ./Payload/Autonet.app/Roboto-Italic.ttf
copying file ./Payload/Autonet.app/note@2x.png ... 
2018-08-29 07:06:57 +0000  6197 bytes for ./Payload/Autonet.app/note@2x.png
copying file ./Payload/Autonet.app/AppIcon40x40~ipad.png ... 
2018-08-29 07:06:57 +0000  7450 bytes for ./Payload/Autonet.app/AppIcon40x40~ipad.png
2018-08-29 07:06:57 +0000  copying file ./Payload/Autonet.app/AppIcon20x20~ipad.png ... 
2018-08-29 07:06:57 +0000  6693 bytes for ./Payload/Autonet.app/AppIcon20x20~ipad.png
copying file ./Payload/Autonet.app/Roboto-BlackItalic.ttf ... 
2018-08-29 07:06:57 +0000  165444 bytes for ./Payload/Autonet.app/Roboto-BlackItalic.ttf
copying file ./Payload/Autonet.app/19@2x.png ... 
2018-08-29 07:06:57 +0000  3300 bytes for ./Payload/Autonet.app/19@2x.png
copying file ./Payload/Autonet.app/Download.plist ... 
564 bytes for ./Payload/Autonet.app/Download.plist
copying file ./Payload/Autonet.app/gone@2x.png ... 
4574 bytes for ./Payload/Autonet.app/gone@2x.png
copying file ./Payload/Autonet.app/6.png ... 
2334 bytes for ./Payload/Autonet.app/6.png
copying file ./Payload/Autonet.app/embedded.mobileprovision ... 
7521 bytes for ./Payload/Autonet.app/embedded.mobileprovision
copying file ./Payload/Autonet.app/Roboto-Bold.ttf ... 
2018-08-29 07:06:57 +0000  162464 bytes for ./Payload/Autonet.app/Roboto-Bold.ttf
copying file ./Payload/Autonet.app/15@2x.png ... 
2018-08-29 07:06:57 +0000  2921 bytes for ./Payload/Autonet.app/15@2x.png
2018-08-29 07:06:57 +0000  copying file ./Payload/Autonet.app/verkoop@2x.png ... 
2018-08-29 07:06:57 +0000  9066 bytes for ./Payload/Autonet.app/verkoop@2x.png
copying file ./Payload/Autonet.app/2.png ... 
2018-08-29 07:06:57 +0000  3530 bytes for ./Payload/Autonet.app/2.png
2018-08-29 07:06:57 +0000  copying file ./Payload/Autonet.app/Roboto-Thin.ttf ... 
2018-08-29 07:06:57 +0000  163132 bytes for ./Payload/Autonet.app/Roboto-Thin.ttf
copying file ./Payload/Autonet.app/LaunchImage-700-Landscape~ipad.png ... 
2018-08-29 07:06:57 +0000  13440 bytes for ./Payload/Autonet.app/LaunchImage-700-Landscape~ipad.png
copying file ./Payload/Autonet.app/Roboto-Black.ttf ... 
2018-08-29 07:06:57 +0000  163488 bytes for ./Payload/Autonet.app/Roboto-Black.ttf
copying file ./Payload/Autonet.app/17@2x.png ... 
2018-08-29 07:06:57 +0000  282 bytes for ./Payload/Autonet.app/17@2x.png
copying file ./Payload/Autonet.app/3.png ... 
2018-08-29 07:06:57 +0000  3217 bytes for ./Payload/Autonet.app/3.png
2018-08-29 07:06:57 +0000  copying file ./Payload/Autonet.app/Carparts@2x.png ... 
2018-08-29 07:06:57 +0000  4843 bytes for ./Payload/Autonet.app/Carparts@2x.png
copying file ./Payload/Autonet.app/AppIcon20x20@2x~ipad.png ... 
2018-08-29 07:06:57 +0000  7450 bytes for ./Payload/Autonet.app/AppIcon20x20@2x~ipad.png
2018-08-29 07:06:57 +0000  copying file ./Payload/Autonet.app/back.png ... 
415 bytes for ./Payload/Autonet.app/back.png
2018-08-29 07:06:57 +0000  copying file ./Payload/Autonet.app/Info.plist ... 
2018-08-29 07:06:57 +0000  2585 bytes for ./Payload/Autonet.app/Info.plist
copying file ./Payload/Autonet.app/1.png ... 
2018-08-29 07:06:57 +0000  2524 bytes for ./Payload/Autonet.app/1.png
copying file ./Payload/Autonet.app/2@2x.png ... 
2018-08-29 07:06:57 +0000  6983 bytes for ./Payload/Autonet.app/2@2x.png
2018-08-29 07:06:57 +0000  copying file ./Payload/Autonet.app/Afstand.plist ... 
146 bytes for ./Payload/Autonet.app/Afstand.plist
copying file ./Payload/Autonet.app/inkoop@2x.png ... 
2018-08-29 07:06:57 +0000  6217 bytes for ./Payload/Autonet.app/inkoop@2x.png
2018-08-29 07:06:57 +0000  copying file ./Payload/Autonet.app/euro@2x.png ... 
2018-08-29 07:06:57 +0000  9699 bytes for ./Payload/Autonet.app/euro@2x.png
2018-08-29 07:06:57 +0000  copying file ./Payload/Autonet.app/person@2x.png ... 
2018-08-29 07:06:57 +0000  1496 bytes for ./Payload/Autonet.app/person@2x.png
copying file ./Payload/Autonet.app/PkgInfo ... 
8 bytes for ./Payload/Autonet.app/PkgInfo
2018-08-29 07:06:57 +0000  copying file ./Payload/Autonet.app/license_plate_nl@2x.png ... 
2018-08-29 07:06:57 +0000  3749 bytes for ./Payload/Autonet.app/license_plate_nl@2x.png
copying file ./Payload/Autonet.app/AppIcon76x76~ipad.png ... 
2018-08-29 07:06:57 +0000  8909 bytes for ./Payload/Autonet.app/AppIcon76x76~ipad.png
2018-08-29 07:06:57 +0000  2018-08-29 07:06:57 +0000  

2018-08-29 07:06:57 +0000  /usr/bin/ditto exited with 0
2018-08-29 07:06:57 +0000  2018-08-29 07:06:57 +0000  

2018-08-29 07:06:57 +0000  Processing step: IDEDistributionCreateManifestStep
2018-08-29 07:06:57 +0000  Skipping step: IDEDistributionCreateManifestStep because it said so
